=========================================
 日志级别：DEBUG
 日志时间：2023-11-19 12:56:22,900
 所属类名：org.springframework.context.support.ClassPathXmlApplicationContext
 所属线程：main
 日志信息：Refreshing org.springframework.context.support.ClassPathXmlApplicationContext@7b84fcf8
=========================================
 日志级别：DEBUG
 日志时间：2023-11-19 12:56:22,988
 所属类名：org.springframework.beans.factory.xml.XmlBeanDefinitionReader
 所属线程：main
 日志信息：Loaded 3 bean definitions from class path resource [applicationContext.xml]
=========================================
 日志级别：DEBUG
 日志时间：2023-11-19 12:56:23,007
 所属类名：org.springframework.beans.factory.support.DefaultListableBeanFactory
 所属线程：main
 日志信息：Creating shared instance of singleton bean 'helloSpring'
=========================================
 日志级别：DEBUG
 日志时间：2023-11-19 12:56:23,032
 所属类名：org.springframework.beans.factory.support.DefaultListableBeanFactory
 所属线程：main
 日志信息：Creating shared instance of singleton bean 'userDao'
=========================================
 日志级别：DEBUG
 日志时间：2023-11-19 12:56:23,032
 所属类名：org.springframework.beans.factory.support.DefaultListableBeanFactory
 所属线程：main
 日志信息：Creating shared instance of singleton bean 'userService'
=========================================
 日志级别：DEBUG
 日志时间：2023-11-19 14:42:52,572
 所属类名：org.springframework.context.support.ClassPathXmlApplicationContext
 所属线程：main
 日志信息：Refreshing org.springframework.context.support.ClassPathXmlApplicationContext@366ac49b
=========================================
 日志级别：DEBUG
 日志时间：2023-11-19 14:42:52,679
 所属类名：org.springframework.beans.factory.xml.XmlBeanDefinitionReader
 所属线程：main
 日志信息：Loaded 3 bean definitions from class path resource [applicationContext.xml]
=========================================
 日志级别：DEBUG
 日志时间：2023-11-19 14:42:52,704
 所属类名：org.springframework.beans.factory.support.DefaultListableBeanFactory
 所属线程：main
 日志信息：Creating shared instance of singleton bean 'helloSpring'
=========================================
 日志级别：DEBUG
 日志时间：2023-11-19 14:42:52,735
 所属类名：org.springframework.beans.factory.support.DefaultListableBeanFactory
 所属线程：main
 日志信息：Creating shared instance of singleton bean 'userDao'
=========================================
 日志级别：DEBUG
 日志时间：2023-11-19 14:42:52,735
 所属类名：org.springframework.beans.factory.support.DefaultListableBeanFactory
 所属线程：main
 日志信息：Creating shared instance of singleton bean 'userService'
=========================================
 日志级别：DEBUG
 日志时间：2023-11-19 14:51:35,977
 所属类名：org.springframework.context.support.ClassPathXmlApplicationContext
 所属线程：main
 日志信息：Refreshing org.springframework.context.support.ClassPathXmlApplicationContext@366ac49b
=========================================
 日志级别：DEBUG
 日志时间：2023-11-19 14:51:36,073
 所属类名：org.springframework.beans.factory.xml.XmlBeanDefinitionReader
 所属线程：main
 日志信息：Loaded 1 bean definitions from class path resource [applicationContext-User1.xml]
=========================================
 日志级别：DEBUG
 日志时间：2023-11-19 14:51:36,092
 所属类名：org.springframework.beans.factory.support.DefaultListableBeanFactory
 所属线程：main
 日志信息：Creating shared instance of singleton bean 'user1'
=========================================
 日志级别：DEBUG
 日志时间：2023-11-19 15:11:04,895
 所属类名：org.springframework.context.support.ClassPathXmlApplicationContext
 所属线程：main
 日志信息：Refreshing org.springframework.context.support.ClassPathXmlApplicationContext@366ac49b
=========================================
 日志级别：DEBUG
 日志时间：2023-11-19 15:11:04,984
 所属类名：org.springframework.beans.factory.xml.XmlBeanDefinitionReader
 所属线程：main
 日志信息：Loaded 1 bean definitions from class path resource [applicationContext-Student.xml]
=========================================
 日志级别：DEBUG
 日志时间：2023-11-19 15:11:05,001
 所属类名：org.springframework.beans.factory.support.DefaultListableBeanFactory
 所属线程：main
 日志信息：Creating shared instance of singleton bean 'cn.edu.tyut.entity.Student01#0'
=========================================
 日志级别：DEBUG
 日志时间：2023-11-19 15:13:16,613
 所属类名：org.springframework.context.support.ClassPathXmlApplicationContext
 所属线程：main
 日志信息：Refreshing org.springframework.context.support.ClassPathXmlApplicationContext@366ac49b
=========================================
 日志级别：DEBUG
 日志时间：2023-11-19 15:13:16,703
 所属类名：org.springframework.beans.factory.xml.XmlBeanDefinitionReader
 所属线程：main
 日志信息：Loaded 2 bean definitions from class path resource [applicationContext-Student.xml]
=========================================
 日志级别：DEBUG
 日志时间：2023-11-19 15:13:16,721
 所属类名：org.springframework.beans.factory.support.DefaultListableBeanFactory
 所属线程：main
 日志信息：Creating shared instance of singleton bean 'cn.edu.tyut.entity.ArtStudent#0'
=========================================
 日志级别：DEBUG
 日志时间：2023-11-19 15:13:16,728
 所属类名：org.springframework.beans.factory.support.DefaultListableBeanFactory
 所属线程：main
 日志信息：Creating shared instance of singleton bean 'cn.edu.tyut.entity.SportStudent#0'
=========================================
 日志级别：DEBUG
 日志时间：2023-11-19 15:13:55,904
 所属类名：org.springframework.context.support.ClassPathXmlApplicationContext
 所属线程：main
 日志信息：Refreshing org.springframework.context.support.ClassPathXmlApplicationContext@366ac49b
=========================================
 日志级别：DEBUG
 日志时间：2023-11-19 15:13:56,001
 所属类名：org.springframework.beans.factory.xml.XmlBeanDefinitionReader
 所属线程：main
 日志信息：Loaded 1 bean definitions from class path resource [applicationContext-Student.xml]
=========================================
 日志级别：DEBUG
 日志时间：2023-11-19 15:13:56,019
 所属类名：org.springframework.beans.factory.support.DefaultListableBeanFactory
 所属线程：main
 日志信息：Creating shared instance of singleton bean 'cn.edu.tyut.entity.Student01#0'
=========================================
 日志级别：DEBUG
 日志时间：2023-11-19 15:14:34,838
 所属类名：org.springframework.context.support.ClassPathXmlApplicationContext
 所属线程：main
 日志信息：Refreshing org.springframework.context.support.ClassPathXmlApplicationContext@366ac49b
=========================================
 日志级别：DEBUG
 日志时间：2023-11-19 15:14:34,936
 所属类名：org.springframework.beans.factory.xml.XmlBeanDefinitionReader
 所属线程：main
 日志信息：Loaded 1 bean definitions from class path resource [applicationContext-Student.xml]
=========================================
 日志级别：DEBUG
 日志时间：2023-11-19 15:14:34,957
 所属类名：org.springframework.beans.factory.support.DefaultListableBeanFactory
 所属线程：main
 日志信息：Creating shared instance of singleton bean 'cn.edu.tyut.entity.Student01#0'
=========================================
 日志级别：DEBUG
 日志时间：2023-11-19 15:14:45,218
 所属类名：org.springframework.context.support.ClassPathXmlApplicationContext
 所属线程：main
 日志信息：Refreshing org.springframework.context.support.ClassPathXmlApplicationContext@366ac49b
=========================================
 日志级别：DEBUG
 日志时间：2023-11-19 15:14:45,318
 所属类名：org.springframework.beans.factory.xml.XmlBeanDefinitionReader
 所属线程：main
 日志信息：Loaded 1 bean definitions from class path resource [applicationContext-Student.xml]
=========================================
 日志级别：DEBUG
 日志时间：2023-11-19 15:14:45,336
 所属类名：org.springframework.beans.factory.support.DefaultListableBeanFactory
 所属线程：main
 日志信息：Creating shared instance of singleton bean 'cn.edu.tyut.entity.ArtStudent#0'
=========================================
 日志级别：DEBUG
 日志时间：2023-11-19 15:16:58,275
 所属类名：org.springframework.context.support.ClassPathXmlApplicationContext
 所属线程：main
 日志信息：Refreshing org.springframework.context.support.ClassPathXmlApplicationContext@366ac49b
=========================================
 日志级别：DEBUG
 日志时间：2023-11-19 15:16:58,370
 所属类名：org.springframework.beans.factory.xml.XmlBeanDefinitionReader
 所属线程：main
 日志信息：Loaded 3 bean definitions from class path resource [applicationContext-Student.xml]
=========================================
 日志级别：DEBUG
 日志时间：2023-11-19 15:16:58,387
 所属类名：org.springframework.beans.factory.support.DefaultListableBeanFactory
 所属线程：main
 日志信息：Creating shared instance of singleton bean 'cn.edu.tyut.entity.ArtStudent#0'
=========================================
 日志级别：DEBUG
 日志时间：2023-11-19 15:16:58,396
 所属类名：org.springframework.beans.factory.support.DefaultListableBeanFactory
 所属线程：main
 日志信息：Creating shared instance of singleton bean 'cn.edu.tyut.entity.Student01#0'
=========================================
 日志级别：DEBUG
 日志时间：2023-11-19 15:16:58,397
 所属类名：org.springframework.beans.factory.support.DefaultListableBeanFactory
 所属线程：main
 日志信息：Creating shared instance of singleton bean 'cn.edu.tyut.entity.SportStudent#0'
=========================================
 日志级别：DEBUG
 日志时间：2023-11-19 15:18:19,168
 所属类名：org.springframework.context.support.ClassPathXmlApplicationContext
 所属线程：main
 日志信息：Refreshing org.springframework.context.support.ClassPathXmlApplicationContext@366ac49b
=========================================
 日志级别：DEBUG
 日志时间：2023-11-19 15:18:19,257
 所属类名：org.springframework.beans.factory.xml.XmlBeanDefinitionReader
 所属线程：main
 日志信息：Loaded 3 bean definitions from class path resource [applicationContext-Student.xml]
=========================================
 日志级别：DEBUG
 日志时间：2023-11-19 15:18:19,274
 所属类名：org.springframework.beans.factory.support.DefaultListableBeanFactory
 所属线程：main
 日志信息：Creating shared instance of singleton bean 'artStudent'
=========================================
 日志级别：DEBUG
 日志时间：2023-11-19 15:18:19,282
 所属类名：org.springframework.beans.factory.support.DefaultListableBeanFactory
 所属线程：main
 日志信息：Creating shared instance of singleton bean 'student01'
=========================================
 日志级别：DEBUG
 日志时间：2023-11-19 15:18:19,282
 所属类名：org.springframework.beans.factory.support.DefaultListableBeanFactory
 所属线程：main
 日志信息：Creating shared instance of singleton bean 'sportStudent'
=========================================
 日志级别：DEBUG
 日志时间：2023-11-19 15:19:36,167
 所属类名：org.springframework.context.support.ClassPathXmlApplicationContext
 所属线程：main
 日志信息：Refreshing org.springframework.context.support.ClassPathXmlApplicationContext@366ac49b
=========================================
 日志级别：DEBUG
 日志时间：2023-11-19 15:19:36,270
 所属类名：org.springframework.beans.factory.xml.XmlBeanDefinitionReader
 所属线程：main
 日志信息：Loaded 3 bean definitions from class path resource [applicationContext-Student.xml]
=========================================
 日志级别：DEBUG
 日志时间：2023-11-19 15:19:36,289
 所属类名：org.springframework.beans.factory.support.DefaultListableBeanFactory
 所属线程：main
 日志信息：Creating shared instance of singleton bean 'artStudent'
=========================================
 日志级别：DEBUG
 日志时间：2023-11-19 15:19:36,297
 所属类名：org.springframework.beans.factory.support.DefaultListableBeanFactory
 所属线程：main
 日志信息：Creating shared instance of singleton bean 'student01'
=========================================
 日志级别：DEBUG
 日志时间：2023-11-19 15:19:36,297
 所属类名：org.springframework.beans.factory.support.DefaultListableBeanFactory
 所属线程：main
 日志信息：Creating shared instance of singleton bean 'sportStudent'
=========================================
 日志级别：DEBUG
 日志时间：2023-11-19 15:19:51,314
 所属类名：org.springframework.context.support.ClassPathXmlApplicationContext
 所属线程：main
 日志信息：Refreshing org.springframework.context.support.ClassPathXmlApplicationContext@366ac49b
=========================================
 日志级别：DEBUG
 日志时间：2023-11-19 15:19:51,410
 所属类名：org.springframework.beans.factory.xml.XmlBeanDefinitionReader
 所属线程：main
 日志信息：Loaded 3 bean definitions from class path resource [applicationContext-Student.xml]
=========================================
 日志级别：DEBUG
 日志时间：2023-11-19 15:19:51,430
 所属类名：org.springframework.beans.factory.support.DefaultListableBeanFactory
 所属线程：main
 日志信息：Creating shared instance of singleton bean 'artStudent'
=========================================
 日志级别：DEBUG
 日志时间：2023-11-19 15:19:51,437
 所属类名：org.springframework.beans.factory.support.DefaultListableBeanFactory
 所属线程：main
 日志信息：Creating shared instance of singleton bean 'student01'
=========================================
 日志级别：DEBUG
 日志时间：2023-11-19 15:19:51,438
 所属类名：org.springframework.beans.factory.support.DefaultListableBeanFactory
 所属线程：main
 日志信息：Creating shared instance of singleton bean 'sportStudent'
=========================================
 日志级别：DEBUG
 日志时间：2023-11-19 15:22:20,958
 所属类名：org.springframework.context.support.ClassPathXmlApplicationContext
 所属线程：main
 日志信息：Refreshing org.springframework.context.support.ClassPathXmlApplicationContext@366ac49b
=========================================
 日志级别：DEBUG
 日志时间：2023-11-19 15:22:21,047
 所属类名：org.springframework.beans.factory.xml.XmlBeanDefinitionReader
 所属线程：main
 日志信息：Loaded 3 bean definitions from class path resource [applicationContext-Student.xml]
=========================================
 日志级别：DEBUG
 日志时间：2023-11-19 15:22:21,064
 所属类名：org.springframework.beans.factory.support.DefaultListableBeanFactory
 所属线程：main
 日志信息：Creating shared instance of singleton bean 'artStudent'
=========================================
 日志级别：DEBUG
 日志时间：2023-11-19 15:22:21,085
 所属类名：org.springframework.beans.factory.support.DefaultListableBeanFactory
 所属线程：main
 日志信息：Creating shared instance of singleton bean 'sportStudent'
=========================================
 日志级别：DEBUG
 日志时间：2023-11-19 15:22:51,535
 所属类名：org.springframework.context.support.ClassPathXmlApplicationContext
 所属线程：main
 日志信息：Refreshing org.springframework.context.support.ClassPathXmlApplicationContext@366ac49b
=========================================
 日志级别：DEBUG
 日志时间：2023-11-19 15:22:51,620
 所属类名：org.springframework.beans.factory.xml.XmlBeanDefinitionReader
 所属线程：main
 日志信息：Loaded 3 bean definitions from class path resource [applicationContext-Student.xml]
=========================================
 日志级别：DEBUG
 日志时间：2023-11-19 15:22:51,638
 所属类名：org.springframework.beans.factory.support.DefaultListableBeanFactory
 所属线程：main
 日志信息：Creating shared instance of singleton bean 'artStudent'
=========================================
 日志级别：DEBUG
 日志时间：2023-11-19 15:22:51,660
 所属类名：org.springframework.beans.factory.support.DefaultListableBeanFactory
 所属线程：main
 日志信息：Creating shared instance of singleton bean 'sportStudent'
=========================================
 日志级别：DEBUG
 日志时间：2023-11-19 15:23:31,992
 所属类名：org.springframework.context.support.ClassPathXmlApplicationContext
 所属线程：main
 日志信息：Refreshing org.springframework.context.support.ClassPathXmlApplicationContext@366ac49b
=========================================
 日志级别：DEBUG
 日志时间：2023-11-19 15:23:32,081
 所属类名：org.springframework.beans.factory.xml.XmlBeanDefinitionReader
 所属线程：main
 日志信息：Loaded 3 bean definitions from class path resource [applicationContext-Student.xml]
=========================================
 日志级别：DEBUG
 日志时间：2023-11-19 15:23:32,098
 所属类名：org.springframework.beans.factory.support.DefaultListableBeanFactory
 所属线程：main
 日志信息：Creating shared instance of singleton bean 'artStudent'
=========================================
 日志级别：DEBUG
 日志时间：2023-11-19 15:23:32,119
 所属类名：org.springframework.beans.factory.support.DefaultListableBeanFactory
 所属线程：main
 日志信息：Creating shared instance of singleton bean 'sportStudent'
=========================================
 日志级别：DEBUG
 日志时间：2023-11-19 15:26:02,538
 所属类名：org.springframework.context.support.ClassPathXmlApplicationContext
 所属线程：main
 日志信息：Refreshing org.springframework.context.support.ClassPathXmlApplicationContext@366ac49b
=========================================
 日志级别：DEBUG
 日志时间：2023-11-19 15:26:02,643
 所属类名：org.springframework.beans.factory.xml.XmlBeanDefinitionReader
 所属线程：main
 日志信息：Loaded 3 bean definitions from class path resource [applicationContext-Student.xml]
=========================================
 日志级别：DEBUG
 日志时间：2023-11-19 15:26:02,671
 所属类名：org.springframework.beans.factory.support.DefaultListableBeanFactory
 所属线程：main
 日志信息：Creating shared instance of singleton bean 'artStudent'
=========================================
 日志级别：DEBUG
 日志时间：2023-11-19 15:26:02,685
 所属类名：org.springframework.beans.factory.support.DefaultListableBeanFactory
 所属线程：main
 日志信息：Creating shared instance of singleton bean 'sportStudent'
=========================================
 日志级别：DEBUG
 日志时间：2023-11-19 16:17:06,853
 所属类名：org.springframework.context.support.ClassPathXmlApplicationContext
 所属线程：main
 日志信息：Refreshing org.springframework.context.support.ClassPathXmlApplicationContext@366ac49b
=========================================
 日志级别：DEBUG
 日志时间：2023-11-19 16:17:06,946
 所属类名：org.springframework.beans.factory.xml.XmlBeanDefinitionReader
 所属线程：main
 日志信息：Loaded 1 bean definitions from class path resource [applicationContext-Teacher.xml]
=========================================
 日志级别：DEBUG
 日志时间：2023-11-19 16:17:06,965
 所属类名：org.springframework.beans.factory.support.DefaultListableBeanFactory
 所属线程：main
 日志信息：Creating shared instance of singleton bean 'teacher'
=========================================
 日志级别：DEBUG
 日志时间：2023-11-19 16:17:39,728
 所属类名：org.springframework.context.support.ClassPathXmlApplicationContext
 所属线程：main
 日志信息：Refreshing org.springframework.context.support.ClassPathXmlApplicationContext@366ac49b
=========================================
 日志级别：DEBUG
 日志时间：2023-11-19 16:17:39,828
 所属类名：org.springframework.beans.factory.xml.XmlBeanDefinitionReader
 所属线程：main
 日志信息：Loaded 1 bean definitions from class path resource [applicationContext-Teacher.xml]
=========================================
 日志级别：DEBUG
 日志时间：2023-11-19 16:17:39,848
 所属类名：org.springframework.beans.factory.support.DefaultListableBeanFactory
 所属线程：main
 日志信息：Creating shared instance of singleton bean 'teacher'
=========================================
 日志级别：DEBUG
 日志时间：2023-11-19 16:22:35,753
 所属类名：org.springframework.context.support.ClassPathXmlApplicationContext
 所属线程：main
 日志信息：Refreshing org.springframework.context.support.ClassPathXmlApplicationContext@366ac49b
=========================================
 日志级别：DEBUG
 日志时间：2023-11-19 16:22:35,850
 所属类名：org.springframework.beans.factory.xml.XmlBeanDefinitionReader
 所属线程：main
 日志信息：Loaded 1 bean definitions from class path resource [applicationContext-Teacher.xml]
=========================================
 日志级别：DEBUG
 日志时间：2023-11-19 16:22:35,869
 所属类名：org.springframework.beans.factory.support.DefaultListableBeanFactory
 所属线程：main
 日志信息：Creating shared instance of singleton bean 'teacher'
=========================================
 日志级别：WARN
 日志时间：2023-11-19 16:22:35,887
 所属类名：org.springframework.context.support.ClassPathXmlApplicationContext
 所属线程：main
 日志信息：Exception encountered during context initialization - cancelling refresh attempt: org.springframework.beans.factory.UnsatisfiedDependencyException: Error creating bean with name 'teacher' defined in class path resource [applicationContext-Teacher.xml]: Unsatisfied dependency expressed through constructor parameter 0: Ambiguous argument values for parameter of type [java.lang.Integer] - did you specify the correct bean references as arguments?
Related cause: org.springframework.beans.factory.UnsatisfiedDependencyException: Error creating bean with name 'teacher' defined in class path resource [applicationContext-Teacher.xml]: Unsatisfied dependency expressed through constructor parameter 0: Ambiguous argument values for parameter of type [java.lang.String] - did you specify the correct bean references as arguments?
=========================================
 日志级别：DEBUG
 日志时间：2023-11-19 16:23:15,800
 所属类名：org.springframework.context.support.ClassPathXmlApplicationContext
 所属线程：main
 日志信息：Refreshing org.springframework.context.support.ClassPathXmlApplicationContext@366ac49b
=========================================
 日志级别：DEBUG
 日志时间：2023-11-19 16:23:15,905
 所属类名：org.springframework.beans.factory.xml.XmlBeanDefinitionReader
 所属线程：main
 日志信息：Loaded 1 bean definitions from class path resource [applicationContext-Teacher.xml]
=========================================
 日志级别：DEBUG
 日志时间：2023-11-19 16:23:15,927
 所属类名：org.springframework.beans.factory.support.DefaultListableBeanFactory
 所属线程：main
 日志信息：Creating shared instance of singleton bean 'teacher'
=========================================
 日志级别：DEBUG
 日志时间：2023-11-19 16:30:07,665
 所属类名：org.springframework.context.support.ClassPathXmlApplicationContext
 所属线程：main
 日志信息：Refreshing org.springframework.context.support.ClassPathXmlApplicationContext@366ac49b
=========================================
 日志级别：DEBUG
 日志时间：2023-11-19 16:30:07,781
 所属类名：org.springframework.beans.factory.xml.XmlBeanDefinitionReader
 所属线程：main
 日志信息：Loaded 3 bean definitions from class path resource [applicationContext-Teacher.xml]
=========================================
 日志级别：DEBUG
 日志时间：2023-11-19 16:30:07,802
 所属类名：org.springframework.beans.factory.support.DefaultListableBeanFactory
 所属线程：main
 日志信息：Creating shared instance of singleton bean 'teacher'
=========================================
 日志级别：DEBUG
 日志时间：2023-11-19 16:30:07,823
 所属类名：org.springframework.beans.factory.support.DefaultListableBeanFactory
 所属线程：main
 日志信息：Creating shared instance of singleton bean 'teacherList'
=========================================
 日志级别：DEBUG
 日志时间：2023-11-19 16:30:07,839
 所属类名：org.springframework.beans.factory.support.DefaultListableBeanFactory
 所属线程：main
 日志信息：Creating shared instance of singleton bean 'teacherMap'
=========================================
 日志级别：DEBUG
 日志时间：2023-11-19 16:31:47,764
 所属类名：org.springframework.context.support.ClassPathXmlApplicationContext
 所属线程：main
 日志信息：Refreshing org.springframework.context.support.ClassPathXmlApplicationContext@366ac49b
=========================================
 日志级别：DEBUG
 日志时间：2023-11-19 16:31:47,857
 所属类名：org.springframework.beans.factory.xml.XmlBeanDefinitionReader
 所属线程：main
 日志信息：Loaded 3 bean definitions from class path resource [applicationContext-Teacher.xml]
=========================================
 日志级别：DEBUG
 日志时间：2023-11-19 16:31:47,875
 所属类名：org.springframework.beans.factory.support.DefaultListableBeanFactory
 所属线程：main
 日志信息：Creating shared instance of singleton bean 'teacher'
=========================================
 日志级别：DEBUG
 日志时间：2023-11-19 16:31:47,895
 所属类名：org.springframework.beans.factory.support.DefaultListableBeanFactory
 所属线程：main
 日志信息：Creating shared instance of singleton bean 'teacherList'
=========================================
 日志级别：DEBUG
 日志时间：2023-11-19 16:31:47,910
 所属类名：org.springframework.beans.factory.support.DefaultListableBeanFactory
 所属线程：main
 日志信息：Creating shared instance of singleton bean 'teacherMap'
=========================================
 日志级别：DEBUG
 日志时间：2023-11-19 16:32:12,750
 所属类名：org.springframework.context.support.ClassPathXmlApplicationContext
 所属线程：main
 日志信息：Refreshing org.springframework.context.support.ClassPathXmlApplicationContext@366ac49b
=========================================
 日志级别：DEBUG
 日志时间：2023-11-19 16:32:12,843
 所属类名：org.springframework.beans.factory.xml.XmlBeanDefinitionReader
 所属线程：main
 日志信息：Loaded 3 bean definitions from class path resource [applicationContext-Teacher.xml]
=========================================
 日志级别：DEBUG
 日志时间：2023-11-19 16:32:12,861
 所属类名：org.springframework.beans.factory.support.DefaultListableBeanFactory
 所属线程：main
 日志信息：Creating shared instance of singleton bean 'teacher'
=========================================
 日志级别：DEBUG
 日志时间：2023-11-19 16:32:12,883
 所属类名：org.springframework.beans.factory.support.DefaultListableBeanFactory
 所属线程：main
 日志信息：Creating shared instance of singleton bean 'teacherList'
=========================================
 日志级别：DEBUG
 日志时间：2023-11-19 16:32:12,898
 所属类名：org.springframework.beans.factory.support.DefaultListableBeanFactory
 所属线程：main
 日志信息：Creating shared instance of singleton bean 'teacherMap'
=========================================
 日志级别：DEBUG
 日志时间：2023-11-19 16:36:30,166
 所属类名：org.springframework.context.support.ClassPathXmlApplicationContext
 所属线程：main
 日志信息：Refreshing org.springframework.context.support.ClassPathXmlApplicationContext@366ac49b
=========================================
 日志级别：DEBUG
 日志时间：2023-11-19 16:36:30,254
 所属类名：org.springframework.beans.factory.xml.XmlBeanDefinitionReader
 所属线程：main
 日志信息：Loaded 3 bean definitions from class path resource [applicationContext.xml]
=========================================
 日志级别：DEBUG
 日志时间：2023-11-19 16:36:30,274
 所属类名：org.springframework.beans.factory.support.DefaultListableBeanFactory
 所属线程：main
 日志信息：Creating shared instance of singleton bean 'helloSpring'
=========================================
 日志级别：DEBUG
 日志时间：2023-11-19 16:36:30,300
 所属类名：org.springframework.beans.factory.support.DefaultListableBeanFactory
 所属线程：main
 日志信息：Creating shared instance of singleton bean 'userDao'
=========================================
 日志级别：DEBUG
 日志时间：2023-11-19 16:36:30,300
 所属类名：org.springframework.beans.factory.support.DefaultListableBeanFactory
 所属线程：main
 日志信息：Creating shared instance of singleton bean 'userService'
=========================================
 日志级别：DEBUG
 日志时间：2023-11-20 15:04:42,644
 所属类名：org.springframework.context.support.ClassPathXmlApplicationContext
 所属线程：main
 日志信息：Refreshing org.springframework.context.support.ClassPathXmlApplicationContext@366ac49b
=========================================
 日志级别：DEBUG
 日志时间：2023-11-20 15:04:42,771
 所属类名：org.springframework.beans.factory.xml.XmlBeanDefinitionReader
 所属线程：main
 日志信息：Loaded 4 bean definitions from class path resource [applicationContext-Teacher.xml]
=========================================
 日志级别：DEBUG
 日志时间：2023-11-20 15:04:42,798
 所属类名：org.springframework.beans.factory.support.DefaultListableBeanFactory
 所属线程：main
 日志信息：Creating shared instance of singleton bean 'teacher'
=========================================
 日志级别：DEBUG
 日志时间：2023-11-20 15:04:42,828
 所属类名：org.springframework.beans.factory.support.DefaultListableBeanFactory
 所属线程：main
 日志信息：Creating shared instance of singleton bean 'teacherList'
=========================================
 日志级别：DEBUG
 日志时间：2023-11-20 15:04:42,851
 所属类名：org.springframework.beans.factory.support.DefaultListableBeanFactory
 所属线程：main
 日志信息：Creating shared instance of singleton bean 'teacherMap'
=========================================
 日志级别：DEBUG
 日志时间：2023-11-20 15:04:42,853
 所属类名：org.springframework.beans.factory.support.DefaultListableBeanFactory
 所属线程：main
 日志信息：Creating shared instance of singleton bean 'teacherSet'
=========================================
 日志级别：WARN
 日志时间：2023-11-20 15:04:42,856
 所属类名：org.springframework.context.support.ClassPathXmlApplicationContext
 所属线程：main
 日志信息：Exception encountered during context initialization - cancelling refresh attempt: org.springframework.beans.factory.BeanCreationException: Error creating bean with name 'teacherSet' defined in class path resource [applicationContext-Teacher.xml]: Invalid property 'set' of bean class [cn.edu.tyut.entity.Teacher3]: Bean property 'set' is not writable or has an invalid setter method. Does the parameter type of the setter match the return type of the getter?
=========================================
 日志级别：DEBUG
 日志时间：2023-11-20 15:06:28,529
 所属类名：org.springframework.context.support.ClassPathXmlApplicationContext
 所属线程：main
 日志信息：Refreshing org.springframework.context.support.ClassPathXmlApplicationContext@366ac49b
=========================================
 日志级别：DEBUG
 日志时间：2023-11-20 15:06:28,643
 所属类名：org.springframework.beans.factory.xml.XmlBeanDefinitionReader
 所属线程：main
 日志信息：Loaded 4 bean definitions from class path resource [applicationContext-Teacher.xml]
=========================================
 日志级别：DEBUG
 日志时间：2023-11-20 15:06:28,662
 所属类名：org.springframework.beans.factory.support.DefaultListableBeanFactory
 所属线程：main
 日志信息：Creating shared instance of singleton bean 'teacher'
=========================================
 日志级别：DEBUG
 日志时间：2023-11-20 15:06:28,684
 所属类名：org.springframework.beans.factory.support.DefaultListableBeanFactory
 所属线程：main
 日志信息：Creating shared instance of singleton bean 'teacherList'
=========================================
 日志级别：DEBUG
 日志时间：2023-11-20 15:06:28,699
 所属类名：org.springframework.beans.factory.support.DefaultListableBeanFactory
 所属线程：main
 日志信息：Creating shared instance of singleton bean 'teacherMap'
=========================================
 日志级别：DEBUG
 日志时间：2023-11-20 15:06:28,701
 所属类名：org.springframework.beans.factory.support.DefaultListableBeanFactory
 所属线程：main
 日志信息：Creating shared instance of singleton bean 'teacherSet'
=========================================
 日志级别：DEBUG
 日志时间：2023-11-20 15:10:53,438
 所属类名：org.springframework.context.support.ClassPathXmlApplicationContext
 所属线程：main
 日志信息：Refreshing org.springframework.context.support.ClassPathXmlApplicationContext@366ac49b
=========================================
 日志级别：DEBUG
 日志时间：2023-11-20 15:10:53,542
 所属类名：org.springframework.beans.factory.xml.XmlBeanDefinitionReader
 所属线程：main
 日志信息：Loaded 1 bean definitions from class path resource [applicationContext-User1.xml]
=========================================
 日志级别：DEBUG
 日志时间：2023-11-20 15:10:53,562
 所属类名：org.springframework.beans.factory.support.DefaultListableBeanFactory
 所属线程：main
 日志信息：Creating shared instance of singleton bean 'user1'
=========================================
 日志级别：DEBUG
 日志时间：2023-11-20 15:11:51,088
 所属类名：org.springframework.context.support.ClassPathXmlApplicationContext
 所属线程：main
 日志信息：Refreshing org.springframework.context.support.ClassPathXmlApplicationContext@366ac49b
=========================================
 日志级别：DEBUG
 日志时间：2023-11-20 15:11:51,192
 所属类名：org.springframework.beans.factory.xml.XmlBeanDefinitionReader
 所属线程：main
 日志信息：Loaded 4 bean definitions from class path resource [applicationContext-Teacher.xml]
=========================================
 日志级别：DEBUG
 日志时间：2023-11-20 15:11:51,213
 所属类名：org.springframework.beans.factory.support.DefaultListableBeanFactory
 所属线程：main
 日志信息：Creating shared instance of singleton bean 'teacher'
=========================================
 日志级别：DEBUG
 日志时间：2023-11-20 15:11:51,234
 所属类名：org.springframework.beans.factory.support.DefaultListableBeanFactory
 所属线程：main
 日志信息：Creating shared instance of singleton bean 'teacherList'
=========================================
 日志级别：DEBUG
 日志时间：2023-11-20 15:11:51,252
 所属类名：org.springframework.beans.factory.support.DefaultListableBeanFactory
 所属线程：main
 日志信息：Creating shared instance of singleton bean 'teacherMap'
=========================================
 日志级别：DEBUG
 日志时间：2023-11-20 15:11:51,253
 所属类名：org.springframework.beans.factory.support.DefaultListableBeanFactory
 所属线程：main
 日志信息：Creating shared instance of singleton bean 'teacherSet'
=========================================
 日志级别：DEBUG
 日志时间：2023-11-20 18:34:47,954
 所属类名：org.springframework.context.support.ClassPathXmlApplicationContext
 所属线程：main
 日志信息：Refreshing org.springframework.context.support.ClassPathXmlApplicationContext@56f0cc85
=========================================
 日志级别：DEBUG
 日志时间：2023-11-20 18:34:48,052
 所属类名：org.springframework.beans.factory.xml.XmlBeanDefinitionReader
 所属线程：main
 日志信息：Loaded 3 bean definitions from class path resource [applicationContext-Student.xml]
=========================================
 日志级别：DEBUG
 日志时间：2023-11-20 18:34:48,082
 所属类名：org.springframework.beans.factory.support.DefaultListableBeanFactory
 所属线程：main
 日志信息：Creating shared instance of singleton bean 'artStudent'
=========================================
 日志级别：DEBUG
 日志时间：2023-11-20 18:34:48,094
 所属类名：org.springframework.beans.factory.support.DefaultListableBeanFactory
 所属线程：main
 日志信息：Creating shared instance of singleton bean 'sportStudent'
=========================================
 日志级别：DEBUG
 日志时间：2023-11-20 20:18:36,745
 所属类名：org.springframework.context.support.ClassPathXmlApplicationContext
 所属线程：main
 日志信息：Refreshing org.springframework.context.support.ClassPathXmlApplicationContext@56f0cc85
=========================================
 日志级别：DEBUG
 日志时间：2023-11-20 20:18:36,841
 所属类名：org.springframework.beans.factory.xml.XmlBeanDefinitionReader
 所属线程：main
 日志信息：Loaded 2 bean definitions from class path resource [app.xml]
=========================================
 日志级别：DEBUG
 日志时间：2023-11-20 20:18:36,859
 所属类名：org.springframework.beans.factory.support.DefaultListableBeanFactory
 所属线程：main
 日志信息：Creating shared instance of singleton bean 'personA'
=========================================
 日志级别：DEBUG
 日志时间：2023-11-20 20:18:36,883
 所属类名：org.springframework.beans.factory.support.DefaultListableBeanFactory
 所属线程：main
 日志信息：Creating shared instance of singleton bean 'personB'
=========================================
 日志级别：DEBUG
 日志时间：2023-11-20 20:19:12,658
 所属类名：org.springframework.context.support.ClassPathXmlApplicationContext
 所属线程：main
 日志信息：Refreshing org.springframework.context.support.ClassPathXmlApplicationContext@56f0cc85
=========================================
 日志级别：DEBUG
 日志时间：2023-11-20 20:19:12,769
 所属类名：org.springframework.beans.factory.xml.XmlBeanDefinitionReader
 所属线程：main
 日志信息：Loaded 2 bean definitions from class path resource [app.xml]
=========================================
 日志级别：DEBUG
 日志时间：2023-11-20 20:19:12,789
 所属类名：org.springframework.beans.factory.support.DefaultListableBeanFactory
 所属线程：main
 日志信息：Creating shared instance of singleton bean 'personB'
